# JRE version: OpenJDK Runtime Environment (11.0.11+9) (build 11.0.11+9-Ubuntu-0ubuntu2.18.04)
# Java VM: OpenJDK 64-Bit Server VM (11.0.11+9-Ubuntu-0ubuntu2.18.04, mixed mode, sharing, tiered, compressed oops, g1 gc, linux-amd64)
Heap:
 garbage-first heap   total 454656K, used 42134K [0x00000000a5600000, 0x0000000100000000)
  region size 1024K, 1 young (1024K), 1 survivors (1024K)
 Metaspace       used 18895K, capacity 19526K, committed 19968K, reserved 1067008K
  class space    used 2208K, capacity 2514K, committed 2560K, reserved 1048576K
GC Heap History (20 events):
Event: 18.724 GC heap after
{Heap after GC invocations=14 (full 0):
 garbage-first heap   total 96256K, used 42075K [0x00000000a5600000, 0x0000000100000000)
  region size 1024K, 2 young (2048K), 2 survivors (2048K)
 Metaspace       used 18895K, capacity 19526K, committed 19968K, reserved 1067008K
  class space    used 2208K, capacity 2514K, committed 2560K, reserved 1048576K
}
Event: 18.756 GC heap before
{Heap before GC invocations=14 (full 0):
 garbage-first heap   total 96256K, used 74843K [0x00000000a5600000, 0x0000000100000000)
  region size 1024K, 34 young (34816K), 2 survivors (2048K)
 Metaspace       used 18895K, capacity 19526K, committed 19968K, reserved 1067008K
  class space    used 2208K, capacity 2514K, committed 2560K, reserved 1048576K
}
Event: 18.761 GC heap after
{Heap after GC invocations=15 (full 0):
 garbage-first heap   total 96256K, used 42072K [0x00000000a5600000, 0x0000000100000000)
  region size 1024K, 2 young (2048K), 2 survivors (2048K)
 Metaspace       used 18895K, capacity 19526K, committed 19968K, reserved 1067008K
  class space    used 2208K, capacity 2514K, committed 2560K, reserved 1048576K
}
Event: 18.791 GC heap before
{Heap before GC invocations=15 (full 0):
 garbage-first heap   total 96256K, used 75864K [0x00000000a5600000, 0x0000000100000000)
  region size 1024K, 35 young (35840K), 2 survivors (2048K)
 Metaspace       used 18895K, capacity 19526K, committed 19968K, reserved 1067008K
  class space    used 2208K, capacity 2514K, committed 2560K, reserved 1048576K
}
Event: 18.795 GC heap after
{Heap after GC invocations=16 (full 0):
 garbage-first heap   total 96256K, used 42078K [0x00000000a5600000, 0x0000000100000000)
  region size 1024K, 2 young (2048K), 2 survivors (2048K)
 Metaspace       used 18895K, capacity 19526K, committed 19968K, reserved 1067008K
  class space    used 2208K, capacity 2514K, committed 2560K, reserved 1048576K
}
Event: 18.826 GC heap before
{Heap before GC invocations=16 (full 0):
 garbage-first heap   total 96256K, used 76894K [0x00000000a5600000, 0x0000000100000000)
  region size 1024K, 36 young (36864K), 2 survivors (2048K)
 Metaspace       used 18895K, capacity 19526K, committed 19968K, reserved 1067008K
  class space    used 2208K, capacity 2514K, committed 2560K, reserved 1048576K
}
Event: 18.830 GC heap after
{Heap after GC invocations=17 (full 0):
 garbage-first heap   total 96256K, used 42044K [0x00000000a5600000, 0x0000000100000000)
  region size 1024K, 2 young (2048K), 2 survivors (2048K)
 Metaspace       used 18895K, capacity 19526K, committed 19968K, reserved 1067008K
  class space    used 2208K, capacity 2514K, committed 2560K, reserved 1048576K
}
Event: 18.865 GC heap before
{Heap before GC invocations=17 (full 0):
 garbage-first heap   total 96256K, used 76860K [0x00000000a5600000, 0x0000000100000000)
  region size 1024K, 36 young (36864K), 2 survivors (2048K)
 Metaspace       used 18895K, capacity 19526K, committed 19968K, reserved 1067008K
  class space    used 2208K, capacity 2514K, committed 2560K, reserved 1048576K
}
Event: 18.869 GC heap after
{Heap after GC invocations=18 (full 0):
 garbage-first heap   total 96256K, used 42046K [0x00000000a5600000, 0x0000000100000000)
  region size 1024K, 2 young (2048K), 2 survivors (2048K)
 Metaspace       used 18895K, capacity 19526K, committed 19968K, reserved 1067008K
  class space    used 2208K, capacity 2514K, committed 2560K, reserved 1048576K
}
Event: 18.901 GC heap before
{Heap before GC invocations=18 (full 0):
 garbage-first heap   total 96256K, used 77886K [0x00000000a5600000, 0x0000000100000000)
  region size 1024K, 37 young (37888K), 2 survivors (2048K)
 Metaspace       used 18895K, capacity 19526K, committed 19968K, reserved 1067008K
  class space    used 2208K, capacity 2514K, committed 2560K, reserved 1048576K
}
Event: 18.909 GC heap after
{Heap after GC invocations=19 (full 0):
 garbage-first heap   total 96256K, used 42077K [0x00000000a5600000, 0x0000000100000000)
  region size 1024K, 2 young (2048K), 2 survivors (2048K)
 Metaspace       used 18895K, capacity 19526K, committed 19968K, reserved 1067008K
  class space    used 2208K, capacity 2514K, committed 2560K, reserved 1048576K
}
Event: 18.940 GC heap before
{Heap before GC invocations=19 (full 0):
 garbage-first heap   total 96256K, used 77917K [0x00000000a5600000, 0x0000000100000000)
  region size 1024K, 37 young (37888K), 2 survivors (2048K)
 Metaspace       used 18895K, capacity 19526K, committed 19968K, reserved 1067008K
  class space    used 2208K, capacity 2514K, committed 2560K, reserved 1048576K
}
Event: 18.953 GC heap after
{Heap after GC invocations=20 (full 0):
 garbage-first heap   total 192512K, used 42074K [0x00000000a5600000, 0x0000000100000000)
  region size 1024K, 2 young (2048K), 2 survivors (2048K)
 Metaspace       used 18895K, capacity 19526K, committed 19968K, reserved 1067008K
  class space    used 2208K, capacity 2514K, committed 2560K, reserved 1048576K
}
Event: 19.138 GC heap before
{Heap before GC invocations=20 (full 0):
 garbage-first heap   total 192512K, used 125018K [0x00000000a5600000, 0x0000000100000000)
  region size 1024K, 83 young (84992K), 2 survivors (2048K)
 Metaspace       used 18895K, capacity 19526K, committed 19968K, reserved 1067008K
  class space    used 2208K, capacity 2514K, committed 2560K, reserved 1048576K
}
Event: 19.142 GC heap after
{Heap after GC invocations=21 (full 0):
 garbage-first heap   total 192512K, used 42108K [0x00000000a5600000, 0x0000000100000000)
  region size 1024K, 1 young (1024K), 1 survivors (1024K)
 Metaspace       used 18895K, capacity 19526K, committed 19968K, reserved 1067008K
  class space    used 2208K, capacity 2514K, committed 2560K, reserved 1048576K
}
Event: 19.280 GC heap before
{Heap before GC invocations=21 (full 0):
 garbage-first heap   total 192512K, used 139388K [0x00000000a5600000, 0x0000000100000000)
  region size 1024K, 96 young (98304K), 1 survivors (1024K)
 Metaspace       used 18895K, capacity 19526K, committed 19968K, reserved 1067008K
  class space    used 2208K, capacity 2514K, committed 2560K, reserved 1048576K
}
Event: 19.281 GC heap after
{Heap after GC invocations=22 (full 0):
 garbage-first heap   total 192512K, used 42150K [0x00000000a5600000, 0x0000000100000000)
  region size 1024K, 1 young (1024K), 1 survivors (1024K)
 Metaspace       used 18895K, capacity 19526K, committed 19968K, reserved 1067008K
  class space    used 2208K, capacity 2514K, committed 2560K, reserved 1048576K
}
Event: 19.390 GC heap before
{Heap before GC invocations=22 (full 0):
 garbage-first heap   total 192512K, used 155814K [0x00000000a5600000, 0x0000000100000000)
  region size 1024K, 112 young (114688K), 1 survivors (1024K)
 Metaspace       used 18895K, capacity 19526K, committed 19968K, reserved 1067008K
  class space    used 2208K, capacity 2514K, committed 2560K, reserved 1048576K
}
Event: 19.415 GC heap after
{Heap after GC invocations=23 (full 0):
 garbage-first heap   total 192512K, used 42134K [0x00000000a5600000, 0x0000000100000000)
  region size 1024K, 1 young (1024K), 1 survivors (1024K)
 Metaspace       used 18895K, capacity 19526K, committed 19968K, reserved 1067008K
  class space    used 2208K, capacity 2514K, committed 2560K, reserved 1048576K
}
Event: 19.548 GC heap before
{Heap before GC invocations=23 (full 0):
 garbage-first heap   total 192512K, used 155798K [0x00000000a5600000, 0x0000000100000000)
  region size 1024K, 112 young (114688K), 1 survivors (1024K)
 Metaspace       used 18895K, capacity 19526K, committed 19968K, reserved 1067008K
  class space    used 2208K, capacity 2514K, committed 2560K, reserved 1048576K
}

